{"/home/hardy/projects/challenge/src/context/HeroProvider.tsx": {"path":"/home/hardy/projects/challenge/src/context/HeroProvider.tsx","statementMap":{"0":{"start":{"line":1,"column":0},"end":{"line":1,"column":null}},"1":{"start":{"line":9,"column":0},"end":{"line":9,"column":26}},"2":{"start":{"line":10,"column":0},"end":{"line":10,"column":44}},"3":{"start":{"line":12,"column":13},"end":{"line":41,"column":2}},"4":{"start":{"line":19,"column":4},"end":{"line":19,"column":6}},"5":{"start":{"line":20,"column":4},"end":{"line":20,"column":13}},"6":{"start":{"line":23,"column":4},"end":{"line":23,"column":9}},"7":{"start":{"line":26,"column":4},"end":{"line":26,"column":9}},"8":{"start":{"line":37,"column":4},"end":{"line":37,"column":9}},"9":{"start":{"line":47,"column":13},"end":{"line":47,"column":55}},"10":{"start":{"line":49,"column":45},"end":{"line":214,"column":1}},"11":{"start":{"line":50,"column":36},"end":{"line":50,"column":58}},"12":{"start":{"line":51,"column":46},"end":{"line":51,"column":65}},"13":{"start":{"line":52,"column":40},"end":{"line":52,"column":52}},"14":{"start":{"line":53,"column":44},"end":{"line":53,"column":66}},"15":{"start":{"line":54,"column":44},"end":{"line":55,"column":null}},"16":{"start":{"line":57,"column":56},"end":{"line":57,"column":71}},"17":{"start":{"line":58,"column":58},"end":{"line":58,"column":73}},"18":{"start":{"line":59,"column":56},"end":{"line":59,"column":76}},"19":{"start":{"line":60,"column":52},"end":{"line":60,"column":71}},"20":{"start":{"line":61,"column":48},"end":{"line":61,"column":59}},"21":{"start":{"line":63,"column":19},"end":{"line":63,"column":41}},"22":{"start":{"line":65,"column":22},"end":{"line":67,"column":3}},"23":{"start":{"line":66,"column":4},"end":{"line":66,"column":49}},"24":{"start":{"line":69,"column":25},"end":{"line":72,"column":3}},"25":{"start":{"line":70,"column":25},"end":{"line":70,"column":71}},"26":{"start":{"line":70,"column":54},"end":{"line":70,"column":70}},"27":{"start":{"line":71,"column":4},"end":{"line":71,"column":41}},"28":{"start":{"line":74,"column":34},"end":{"line":77,"column":3}},"29":{"start":{"line":75,"column":4},"end":{"line":75,"column":33}},"30":{"start":{"line":76,"column":4},"end":{"line":76,"column":30}},"31":{"start":{"line":79,"column":30},"end":{"line":101,"column":3}},"32":{"start":{"line":80,"column":12},"end":{"line":80,"column":13}},"33":{"start":{"line":81,"column":4},"end":{"line":100,"column":5}},"34":{"start":{"line":82,"column":6},"end":{"line":98,"column":11}},"35":{"start":{"line":87,"column":10},"end":{"line":94,"column":11}},"36":{"start":{"line":88,"column":25},"end":{"line":88,"column":51}},"37":{"start":{"line":89,"column":12},"end":{"line":89,"column":73}},"38":{"start":{"line":89,"column":48},"end":{"line":89,"column":71}},"39":{"start":{"line":91,"column":12},"end":{"line":93,"column":14}},"40":{"start":{"line":97,"column":10},"end":{"line":97,"column":29}},"41":{"start":{"line":99,"column":6},"end":{"line":99,"column":10}},"42":{"start":{"line":103,"column":26},"end":{"line":138,"column":3}},"43":{"start":{"line":104,"column":4},"end":{"line":137,"column":9}},"44":{"start":{"line":109,"column":12},"end":{"line":109,"column":35}},"45":{"start":{"line":110,"column":27},"end":{"line":110,"column":47}},"46":{"start":{"line":111,"column":26},"end":{"line":111,"column":45}},"47":{"start":{"line":113,"column":12},"end":{"line":115,"column":13}},"48":{"start":{"line":114,"column":14},"end":{"line":114,"column":62}},"49":{"start":{"line":116,"column":12},"end":{"line":116,"column":59}},"50":{"start":{"line":116,"column":28},"end":{"line":116,"column":59}},"51":{"start":{"line":121,"column":8},"end":{"line":133,"column":9}},"52":{"start":{"line":122,"column":23},"end":{"line":122,"column":49}},"53":{"start":{"line":123,"column":10},"end":{"line":127,"column":11}},"54":{"start":{"line":124,"column":12},"end":{"line":124,"column":40}},"55":{"start":{"line":125,"column":12},"end":{"line":125,"column":36}},"56":{"start":{"line":126,"column":12},"end":{"line":126,"column":36}},"57":{"start":{"line":129,"column":10},"end":{"line":129,"column":32}},"58":{"start":{"line":130,"column":10},"end":{"line":132,"column":12}},"59":{"start":{"line":136,"column":8},"end":{"line":136,"column":27}},"60":{"start":{"line":140,"column":34},"end":{"line":145,"column":3}},"61":{"start":{"line":141,"column":17},"end":{"line":143,"column":6}},"62":{"start":{"line":142,"column":6},"end":{"line":142,"column":75}},"63":{"start":{"line":144,"column":4},"end":{"line":144,"column":27}},"64":{"start":{"line":147,"column":28},"end":{"line":166,"column":3}},"65":{"start":{"line":148,"column":4},"end":{"line":150,"column":5}},"66":{"start":{"line":149,"column":6},"end":{"line":149,"column":34}},"67":{"start":{"line":152,"column":4},"end":{"line":152,"column":31}},"68":{"start":{"line":155,"column":4},"end":{"line":165,"column":5}},"69":{"start":{"line":156,"column":6},"end":{"line":156,"column":42}},"70":{"start":{"line":158,"column":6},"end":{"line":164,"column":8}},"71":{"start":{"line":161,"column":10},"end":{"line":161,"column":38}},"72":{"start":{"line":168,"column":2},"end":{"line":174,"column":28}},"73":{"start":{"line":169,"column":4},"end":{"line":173,"column":5}},"74":{"start":{"line":170,"column":6},"end":{"line":170,"column":39}},"75":{"start":{"line":172,"column":6},"end":{"line":172,"column":34}},"76":{"start":{"line":176,"column":24},"end":{"line":188,"column":3}},"77":{"start":{"line":177,"column":20},"end":{"line":177,"column":62}},"78":{"start":{"line":178,"column":4},"end":{"line":187,"column":5}},"79":{"start":{"line":179,"column":6},"end":{"line":186,"column":11}},"80":{"start":{"line":182,"column":10},"end":{"line":182,"column":49}},"81":{"start":{"line":185,"column":10},"end":{"line":185,"column":43}},"82":{"start":{"line":190,"column":2},"end":{"line":213,"column":4}},"83":{"start":{"line":210,"column":29},"end":{"line":210,"column":44}},"84":{"start":{"line":49,"column":13},"end":{"line":49,"column":45}},"85":{"start":{"line":216,"column":0},"end":{"line":216,"column":27}}},"fnMap":{"0":{"name":"(anonymous_7)","decl":{"start":{"line":18,"column":21},"end":{"line":18,"column":22}},"loc":{"start":{"line":18,"column":53},"end":{"line":21,"column":3}}},"1":{"name":"(anonymous_8)","decl":{"start":{"line":22,"column":15},"end":{"line":22,"column":16}},"loc":{"start":{"line":22,"column":29},"end":{"line":24,"column":3}}},"2":{"name":"(anonymous_9)","decl":{"start":{"line":25,"column":18},"end":{"line":25,"column":19}},"loc":{"start":{"line":25,"column":32},"end":{"line":27,"column":3}}},"3":{"name":"(anonymous_10)","decl":{"start":{"line":36,"column":27},"end":{"line":36,"column":28}},"loc":{"start":{"line":36,"column":41},"end":{"line":38,"column":3}}},"4":{"name":"(anonymous_11)","decl":{"start":{"line":49,"column":45},"end":{"line":49,"column":46}},"loc":{"start":{"line":49,"column":62},"end":{"line":214,"column":1}}},"5":{"name":"(anonymous_12)","decl":{"start":{"line":65,"column":22},"end":{"line":65,"column":23}},"loc":{"start":{"line":65,"column":36},"end":{"line":67,"column":3}}},"6":{"name":"(anonymous_13)","decl":{"start":{"line":69,"column":25},"end":{"line":69,"column":26}},"loc":{"start":{"line":69,"column":39},"end":{"line":72,"column":3}}},"7":{"name":"(anonymous_14)","decl":{"start":{"line":70,"column":47},"end":{"line":70,"column":48}},"loc":{"start":{"line":70,"column":54},"end":{"line":70,"column":70}}},"8":{"name":"(anonymous_15)","decl":{"start":{"line":74,"column":34},"end":{"line":74,"column":35}},"loc":{"start":{"line":74,"column":48},"end":{"line":77,"column":3}}},"9":{"name":"(anonymous_16)","decl":{"start":{"line":79,"column":30},"end":{"line":79,"column":31}},"loc":{"start":{"line":79,"column":44},"end":{"line":101,"column":3}}},"10":{"name":"(anonymous_17)","decl":{"start":{"line":86,"column":14},"end":{"line":86,"column":15}},"loc":{"start":{"line":86,"column":27},"end":{"line":95,"column":9}}},"11":{"name":"(anonymous_18)","decl":{"start":{"line":89,"column":33},"end":{"line":89,"column":34}},"loc":{"start":{"line":89,"column":48},"end":{"line":89,"column":71}}},"12":{"name":"(anonymous_19)","decl":{"start":{"line":96,"column":15},"end":{"line":96,"column":16}},"loc":{"start":{"line":96,"column":25},"end":{"line":98,"column":9}}},"13":{"name":"(anonymous_20)","decl":{"start":{"line":103,"column":26},"end":{"line":103,"column":27}},"loc":{"start":{"line":103,"column":50},"end":{"line":138,"column":3}}},"14":{"name":"(anonymous_21)","decl":{"start":{"line":108,"column":30},"end":{"line":108,"column":31}},"loc":{"start":{"line":108,"column":48},"end":{"line":117,"column":11}}},"15":{"name":"(anonymous_22)","decl":{"start":{"line":120,"column":12},"end":{"line":120,"column":13}},"loc":{"start":{"line":120,"column":25},"end":{"line":134,"column":7}}},"16":{"name":"(anonymous_23)","decl":{"start":{"line":135,"column":13},"end":{"line":135,"column":14}},"loc":{"start":{"line":135,"column":23},"end":{"line":137,"column":7}}},"17":{"name":"(anonymous_24)","decl":{"start":{"line":140,"column":34},"end":{"line":140,"column":35}},"loc":{"start":{"line":140,"column":58},"end":{"line":145,"column":3}}},"18":{"name":"(anonymous_25)","decl":{"start":{"line":141,"column":39},"end":{"line":141,"column":40}},"loc":{"start":{"line":141,"column":48},"end":{"line":143,"column":5}}},"19":{"name":"(anonymous_26)","decl":{"start":{"line":147,"column":28},"end":{"line":147,"column":29}},"loc":{"start":{"line":147,"column":69},"end":{"line":166,"column":3}}},"20":{"name":"(anonymous_27)","decl":{"start":{"line":159,"column":19},"end":{"line":159,"column":22}},"loc":{"start":{"line":159,"column":24},"end":{"line":163,"column":9}}},"21":{"name":"(anonymous_28)","decl":{"start":{"line":168,"column":12},"end":{"line":168,"column":15}},"loc":{"start":{"line":168,"column":17},"end":{"line":174,"column":3}}},"22":{"name":"(anonymous_29)","decl":{"start":{"line":176,"column":24},"end":{"line":176,"column":27}},"loc":{"start":{"line":176,"column":29},"end":{"line":188,"column":3}}},"23":{"name":"(anonymous_30)","decl":{"start":{"line":181,"column":14},"end":{"line":181,"column":15}},"loc":{"start":{"line":181,"column":27},"end":{"line":183,"column":9}}},"24":{"name":"(anonymous_31)","decl":{"start":{"line":184,"column":15},"end":{"line":184,"column":16}},"loc":{"start":{"line":184,"column":25},"end":{"line":186,"column":9}}},"25":{"name":"(anonymous_32)","decl":{"start":{"line":210,"column":23},"end":{"line":210,"column":26}},"loc":{"start":{"line":210,"column":29},"end":{"line":210,"column":44}}}},"branchMap":{"0":{"loc":{"start":{"line":81,"column":11},"end":{"line":81,"column":46}},"type":"binary-expr","locations":[{"start":{"line":81,"column":11},"end":{"line":81,"column":36}},{"start":{"line":81,"column":40},"end":{"line":81,"column":46}}]},"1":{"loc":{"start":{"line":87,"column":10},"end":{"line":94,"column":11}},"type":"if","locations":[{"start":{"line":87,"column":10},"end":{"line":94,"column":11}},{"start":{"line":90,"column":17},"end":{"line":94,"column":11}}]},"2":{"loc":{"start":{"line":87,"column":14},"end":{"line":87,"column":69}},"type":"binary-expr","locations":[{"start":{"line":87,"column":14},"end":{"line":87,"column":37}},{"start":{"line":87,"column":41},"end":{"line":87,"column":69}}]},"3":{"loc":{"start":{"line":113,"column":12},"end":{"line":115,"column":13}},"type":"if","locations":[{"start":{"line":113,"column":12},"end":{"line":115,"column":13}}]},"4":{"loc":{"start":{"line":113,"column":16},"end":{"line":113,"column":31}},"type":"binary-expr","locations":[{"start":{"line":113,"column":16},"end":{"line":113,"column":22}},{"start":{"line":113,"column":26},"end":{"line":113,"column":31}}]},"5":{"loc":{"start":{"line":116,"column":12},"end":{"line":116,"column":59}},"type":"if","locations":[{"start":{"line":116,"column":12},"end":{"line":116,"column":59}}]},"6":{"loc":{"start":{"line":121,"column":8},"end":{"line":133,"column":9}},"type":"if","locations":[{"start":{"line":121,"column":8},"end":{"line":133,"column":9}},{"start":{"line":128,"column":15},"end":{"line":133,"column":9}}]},"7":{"loc":{"start":{"line":121,"column":12},"end":{"line":121,"column":67}},"type":"binary-expr","locations":[{"start":{"line":121,"column":12},"end":{"line":121,"column":35}},{"start":{"line":121,"column":39},"end":{"line":121,"column":67}}]},"8":{"loc":{"start":{"line":123,"column":10},"end":{"line":127,"column":11}},"type":"if","locations":[{"start":{"line":123,"column":10},"end":{"line":127,"column":11}}]},"9":{"loc":{"start":{"line":148,"column":4},"end":{"line":150,"column":5}},"type":"if","locations":[{"start":{"line":148,"column":4},"end":{"line":150,"column":5}}]},"10":{"loc":{"start":{"line":155,"column":4},"end":{"line":165,"column":5}},"type":"if","locations":[{"start":{"line":155,"column":4},"end":{"line":165,"column":5}},{"start":{"line":157,"column":11},"end":{"line":165,"column":5}}]},"11":{"loc":{"start":{"line":169,"column":4},"end":{"line":173,"column":5}},"type":"if","locations":[{"start":{"line":169,"column":4},"end":{"line":173,"column":5}},{"start":{"line":171,"column":11},"end":{"line":173,"column":5}}]},"12":{"loc":{"start":{"line":177,"column":20},"end":{"line":177,"column":62}},"type":"binary-expr","locations":[{"start":{"line":177,"column":20},"end":{"line":177,"column":53}},{"start":{"line":177,"column":57},"end":{"line":177,"column":62}}]},"13":{"loc":{"start":{"line":178,"column":4},"end":{"line":187,"column":5}},"type":"if","locations":[{"start":{"line":178,"column":4},"end":{"line":187,"column":5}}]}},"s":{"0":1,"1":1,"2":1,"3":1,"4":0,"5":0,"6":0,"7":0,"8":0,"9":1,"10":1,"11":4,"12":4,"13":4,"14":4,"15":4,"16":4,"17":4,"18":4,"19":4,"20":4,"21":4,"22":4,"23":0,"24":4,"25":0,"26":0,"27":0,"28":4,"29":0,"30":0,"31":4,"32":0,"33":0,"34":0,"35":0,"36":0,"37":0,"38":0,"39":0,"40":0,"41":0,"42":4,"43":0,"44":0,"45":0,"46":0,"47":0,"48":0,"49":0,"50":0,"51":0,"52":0,"53":0,"54":0,"55":0,"56":0,"57":0,"58":0,"59":0,"60":4,"61":0,"62":0,"63":0,"64":4,"65":0,"66":0,"67":0,"68":0,"69":0,"70":0,"71":0,"72":4,"73":2,"74":0,"75":2,"76":4,"77":0,"78":0,"79":0,"80":0,"81":0,"82":4,"83":0,"84":1,"85":1},"f":{"0":0,"1":0,"2":0,"3":0,"4":4,"5":0,"6":0,"7":0,"8":0,"9":0,"10":0,"11":0,"12":0,"13":0,"14":0,"15":0,"16":0,"17":0,"18":0,"19":0,"20":0,"21":2,"22":0,"23":0,"24":0,"25":0},"b":{"0":[0,0],"1":[0,0],"2":[0,0],"3":[0],"4":[0,0],"5":[0],"6":[0,0],"7":[0,0],"8":[0],"9":[0],"10":[0,0],"11":[0,2],"12":[0,0],"13":[0]}}
}
