TN:
SF:src/context/HeroProvider.tsx
FN:18,(anonymous_7)
FN:22,(anonymous_8)
FN:25,(anonymous_9)
FN:36,(anonymous_10)
FN:49,(anonymous_11)
FN:65,(anonymous_12)
FN:69,(anonymous_13)
FN:70,(anonymous_14)
FN:74,(anonymous_15)
FN:79,(anonymous_16)
FN:86,(anonymous_17)
FN:89,(anonymous_18)
FN:96,(anonymous_19)
FN:103,(anonymous_20)
FN:108,(anonymous_21)
FN:120,(anonymous_22)
FN:135,(anonymous_23)
FN:140,(anonymous_24)
FN:141,(anonymous_25)
FN:147,(anonymous_26)
FN:159,(anonymous_27)
FN:168,(anonymous_28)
FN:176,(anonymous_29)
FN:181,(anonymous_30)
FN:184,(anonymous_31)
FN:210,(anonymous_32)
FNF:26
FNH:2
FNDA:0,(anonymous_7)
FNDA:0,(anonymous_8)
FNDA:0,(anonymous_9)
FNDA:0,(anonymous_10)
FNDA:4,(anonymous_11)
FNDA:0,(anonymous_12)
FNDA:0,(anonymous_13)
FNDA:0,(anonymous_14)
FNDA:0,(anonymous_15)
FNDA:0,(anonymous_16)
FNDA:0,(anonymous_17)
FNDA:0,(anonymous_18)
FNDA:0,(anonymous_19)
FNDA:0,(anonymous_20)
FNDA:0,(anonymous_21)
FNDA:0,(anonymous_22)
FNDA:0,(anonymous_23)
FNDA:0,(anonymous_24)
FNDA:0,(anonymous_25)
FNDA:0,(anonymous_26)
FNDA:0,(anonymous_27)
FNDA:2,(anonymous_28)
FNDA:0,(anonymous_29)
FNDA:0,(anonymous_30)
FNDA:0,(anonymous_31)
FNDA:0,(anonymous_32)
DA:1,1
DA:9,1
DA:10,1
DA:12,1
DA:19,0
DA:20,0
DA:23,0
DA:26,0
DA:37,0
DA:47,1
DA:49,1
DA:50,4
DA:51,4
DA:52,4
DA:53,4
DA:54,4
DA:57,4
DA:58,4
DA:59,4
DA:60,4
DA:61,4
DA:63,4
DA:65,4
DA:66,0
DA:69,4
DA:70,0
DA:71,0
DA:74,4
DA:75,0
DA:76,0
DA:79,4
DA:80,0
DA:81,0
DA:82,0
DA:87,0
DA:88,0
DA:89,0
DA:91,0
DA:97,0
DA:99,0
DA:103,4
DA:104,0
DA:109,0
DA:110,0
DA:111,0
DA:113,0
DA:114,0
DA:116,0
DA:121,0
DA:122,0
DA:123,0
DA:124,0
DA:125,0
DA:126,0
DA:129,0
DA:130,0
DA:136,0
DA:140,4
DA:141,0
DA:142,0
DA:144,0
DA:147,4
DA:148,0
DA:149,0
DA:152,0
DA:155,0
DA:156,0
DA:158,0
DA:161,0
DA:168,4
DA:169,2
DA:170,0
DA:172,2
DA:176,4
DA:177,0
DA:178,0
DA:179,0
DA:182,0
DA:185,0
DA:190,4
DA:210,0
DA:216,1
LF:82
LH:30
BRDA:81,0,0,0
BRDA:81,0,1,0
BRDA:87,1,0,0
BRDA:87,1,1,0
BRDA:87,2,0,0
BRDA:87,2,1,0
BRDA:113,3,0,0
BRDA:113,4,0,0
BRDA:113,4,1,0
BRDA:116,5,0,0
BRDA:121,6,0,0
BRDA:121,6,1,0
BRDA:121,7,0,0
BRDA:121,7,1,0
BRDA:123,8,0,0
BRDA:148,9,0,0
BRDA:155,10,0,0
BRDA:155,10,1,0
BRDA:169,11,0,0
BRDA:169,11,1,2
BRDA:177,12,0,0
BRDA:177,12,1,0
BRDA:178,13,0,0
BRF:23
BRH:1
end_of_record
